Automated commit on Sun Feb  9 06:56:05 UTC 2025
Automated commit on Sun Feb  9 06:57:45 UTC 2025
Automated commit on Mon Feb 10 05:37:04 UTC 2025
Automated commit on Tue Feb 11 05:36:53 UTC 2025
Automated commit on Wed Feb 12 05:36:30 UTC 2025
Automated commit on Thu Feb 13 05:36:21 UTC 2025
Automated commit on Fri Feb 14 05:36:23 UTC 2025
Automated commit on Sat Feb 15 05:35:33 UTC 2025
Automated commit on Sun Feb 16 05:36:05 UTC 2025
Automated commit on Mon Feb 17 05:38:15 UTC 2025
Automated commit on Tue Feb 18 05:37:34 UTC 2025
Automated commit on Wed Feb 19 05:36:40 UTC 2025
Automated commit on Thu Feb 20 05:36:48 UTC 2025
Automated commit on Fri Feb 21 05:36:27 UTC 2025
Automated commit on Sat Feb 22 05:35:28 UTC 2025
Automated commit on Sun Feb 23 05:35:55 UTC 2025
Automated commit on Mon Feb 24 05:37:03 UTC 2025
Automated commit on Tue Feb 25 05:37:10 UTC 2025
Automated commit on Wed Feb 26 05:37:35 UTC 2025
Automated commit on Thu Feb 27 05:38:20 UTC 2025
Automated commit on Fri Feb 28 05:38:15 UTC 2025
Automated commit on Sat Mar  1 05:36:07 UTC 2025
Automated commit on Sun Mar  2 05:37:06 UTC 2025
